<?xml version="1.0" encoding="UTF-8"?>
<coverage generated="1604969794646" clover="3.2.0">
  <project timestamp="1604969794646" name="All files">
    <metrics statements="61" coveredstatements="53" conditionals="12" coveredconditionals="11" methods="13" coveredmethods="10" elements="86" coveredelements="74" complexity="0" loc="61" ncloc="61" packages="1" files="2" classes="2"/>
    <file name="api.js" path="C:\LABORATORIA\md-link\LIM013-fe-md-links\api.js">
      <metrics statements="52" coveredstatements="45" conditionals="6" coveredconditionals="6" methods="11" coveredmethods="8"/>
      <line num="1" count="2" type="stmt"/>
      <line num="2" count="2" type="stmt"/>
      <line num="8" count="2" type="stmt"/>
      <line num="13" count="2" type="stmt"/>
      <line num="16" count="2" type="stmt"/>
      <line num="18" count="2" type="stmt"/>
      <line num="19" count="2" type="stmt"/>
      <line num="22" count="2" type="stmt"/>
      <line num="23" count="2" type="stmt"/>
      <line num="26" count="34" type="cond" truecount="2" falsecount="0"/>
      <line num="44" count="2" type="stmt"/>
      <line num="45" count="32" type="stmt"/>
      <line num="46" count="32" type="stmt"/>
      <line num="47" count="32" type="cond" truecount="2" falsecount="0"/>
      <line num="48" count="5" type="stmt"/>
      <line num="49" count="25" type="stmt"/>
      <line num="50" count="25" type="stmt"/>
      <line num="53" count="27" type="cond" truecount="2" falsecount="0"/>
      <line num="54" count="17" type="stmt"/>
      <line num="57" count="32" type="stmt"/>
      <line num="62" count="2" type="stmt"/>
      <line num="63" count="6" type="stmt"/>
      <line num="65" count="6" type="stmt"/>
      <line num="66" count="6" type="stmt"/>
      <line num="68" count="14" type="stmt"/>
      <line num="70" count="14" type="stmt"/>
      <line num="71" count="14" type="stmt"/>
      <line num="73" count="14" type="stmt"/>
      <line num="74" count="14" type="stmt"/>
      <line num="75" count="42" type="stmt"/>
      <line num="76" count="42" type="stmt"/>
      <line num="77" count="42" type="stmt"/>
      <line num="78" count="42" type="stmt"/>
      <line num="85" count="6" type="stmt"/>
      <line num="87" count="2" type="stmt"/>
      <line num="90" count="2" type="stmt"/>
      <line num="93" count="2" type="stmt"/>
      <line num="94" count="2" type="stmt"/>
      <line num="95" count="2" type="stmt"/>
      <line num="97" count="2" type="stmt"/>
      <line num="99" count="12" type="stmt"/>
      <line num="101" count="12" type="stmt"/>
      <line num="110" count="0" type="stmt"/>
      <line num="120" count="2" type="stmt"/>
      <line num="131" count="2" type="stmt"/>
      <line num="134" count="0" type="stmt"/>
      <line num="135" count="0" type="stmt"/>
      <line num="138" count="0" type="stmt"/>
      <line num="141" count="0" type="stmt"/>
      <line num="143" count="0" type="stmt"/>
      <line num="145" count="0" type="stmt"/>
      <line num="149" count="2" type="stmt"/>
    </file>
    <file name="mdlinks.js" path="C:\LABORATORIA\md-link\LIM013-fe-md-links\mdlinks.js">
      <metrics statements="9" coveredstatements="8" conditionals="6" coveredconditionals="5" methods="2" coveredmethods="2"/>
      <line num="1" count="1" type="stmt"/>
      <line num="3" count="1" type="stmt"/>
      <line num="4" count="2" type="stmt"/>
      <line num="5" count="2" type="cond" truecount="4" falsecount="0"/>
      <line num="6" count="1" type="stmt"/>
      <line num="7" count="1" type="cond" truecount="1" falsecount="1"/>
      <line num="8" count="1" type="stmt"/>
      <line num="10" count="0" type="stmt"/>
      <line num="15" count="1" type="stmt"/>
    </file>
  </project>
</coverage>
