{"C:\\LABORATORIA\\md-link\\LIM013-fe-md-links\\api.js": {"path":"C:\\LABORATORIA\\md-link\\LIM013-fe-md-links\\api.js","statementMap":{"0":{"start":{"line":1,"column":14},"end":{"line":1,"column":30}},"1":{"start":{"line":2,"column":15},"end":{"line":2,"column":32}},"2":{"start":{"line":8,"column":0},"end":{"line":12,"column":2}},"3":{"start":{"line":13,"column":9},"end":{"line":13,"column":22}},"4":{"start":{"line":16,"column":13},"end":{"line":16,"column":28}},"5":{"start":{"line":18,"column":19},"end":{"line":18,"column":76}},"6":{"start":{"line":19,"column":17},"end":{"line":19,"column":49}},"7":{"start":{"line":22,"column":19},"end":{"line":22,"column":33}},"8":{"start":{"line":23,"column":17},"end":{"line":23,"column":49}},"9":{"start":{"line":26,"column":25},"end":{"line":26,"column":72}},"10":{"start":{"line":44,"column":19},"end":{"line":58,"column":1}},"11":{"start":{"line":45,"column":19},"end":{"line":45,"column":21}},"12":{"start":{"line":46,"column":18},"end":{"line":46,"column":31}},"13":{"start":{"line":47,"column":4},"end":{"line":56,"column":5}},"14":{"start":{"line":48,"column":8},"end":{"line":51,"column":10}},"15":{"start":{"line":49,"column":26},"end":{"line":49,"column":60}},"16":{"start":{"line":50,"column":12},"end":{"line":50,"column":45}},"17":{"start":{"line":53,"column":8},"end":{"line":55,"column":9}},"18":{"start":{"line":54,"column":12},"end":{"line":54,"column":33}},"19":{"start":{"line":57,"column":4},"end":{"line":57,"column":19}},"20":{"start":{"line":62,"column":21},"end":{"line":86,"column":1}},"21":{"start":{"line":63,"column":20},"end":{"line":63,"column":37}},"22":{"start":{"line":65,"column":21},"end":{"line":65,"column":23}},"23":{"start":{"line":66,"column":4},"end":{"line":84,"column":6}},"24":{"start":{"line":68,"column":8},"end":{"line":68,"column":51}},"25":{"start":{"line":70,"column":29},"end":{"line":70,"column":53}},"26":{"start":{"line":71,"column":24},"end":{"line":71,"column":55}},"27":{"start":{"line":73,"column":28},"end":{"line":73,"column":50}},"28":{"start":{"line":74,"column":8},"end":{"line":83,"column":9}},"29":{"start":{"line":74,"column":21},"end":{"line":74,"column":22}},"30":{"start":{"line":75,"column":21},"end":{"line":75,"column":49}},"31":{"start":{"line":76,"column":25},"end":{"line":76,"column":35}},"32":{"start":{"line":77,"column":25},"end":{"line":77,"column":35}},"33":{"start":{"line":78,"column":12},"end":{"line":82,"column":14}},"34":{"start":{"line":85,"column":4},"end":{"line":85,"column":19}},"35":{"start":{"line":87,"column":0},"end":{"line":87,"column":35}},"36":{"start":{"line":90,"column":14},"end":{"line":90,"column":35}},"37":{"start":{"line":93,"column":21},"end":{"line":121,"column":5}},"38":{"start":{"line":94,"column":29},"end":{"line":94,"column":31}},"39":{"start":{"line":95,"column":21},"end":{"line":95,"column":40}},"40":{"start":{"line":97,"column":8},"end":{"line":119,"column":10}},"41":{"start":{"line":99,"column":12},"end":{"line":118,"column":13}},"42":{"start":{"line":101,"column":20},"end":{"line":107,"column":21}},"43":{"start":{"line":110,"column":20},"end":{"line":116,"column":21}},"44":{"start":{"line":120,"column":8},"end":{"line":120,"column":41}},"45":{"start":{"line":131,"column":19},"end":{"line":146,"column":5}},"46":{"start":{"line":134,"column":25},"end":{"line":136,"column":14}},"47":{"start":{"line":135,"column":16},"end":{"line":135,"column":32}},"48":{"start":{"line":138,"column":22},"end":{"line":138,"column":37}},"49":{"start":{"line":141,"column":23},"end":{"line":141,"column":40}},"50":{"start":{"line":143,"column":24},"end":{"line":143,"column":35}},"51":{"start":{"line":145,"column":8},"end":{"line":145,"column":80}},"52":{"start":{"line":149,"column":0},"end":{"line":157,"column":2}}},"fnMap":{"0":{"name":"isAbsolute","decl":{"start":{"line":26,"column":9},"end":{"line":26,"column":19}},"loc":{"start":{"line":26,"column":23},"end":{"line":26,"column":74}},"line":26},"1":{"name":"(anonymous_1)","decl":{"start":{"line":44,"column":19},"end":{"line":44,"column":20}},"loc":{"start":{"line":44,"column":26},"end":{"line":58,"column":1}},"line":44},"2":{"name":"(anonymous_2)","decl":{"start":{"line":48,"column":38},"end":{"line":48,"column":39}},"loc":{"start":{"line":48,"column":46},"end":{"line":51,"column":9}},"line":48},"3":{"name":"(anonymous_3)","decl":{"start":{"line":62,"column":21},"end":{"line":62,"column":22}},"loc":{"start":{"line":62,"column":32},"end":{"line":86,"column":1}},"line":62},"4":{"name":"(anonymous_4)","decl":{"start":{"line":66,"column":20},"end":{"line":66,"column":21}},"loc":{"start":{"line":66,"column":28},"end":{"line":84,"column":5}},"line":66},"5":{"name":"(anonymous_5)","decl":{"start":{"line":93,"column":21},"end":{"line":93,"column":22}},"loc":{"start":{"line":93,"column":32},"end":{"line":121,"column":5}},"line":93},"6":{"name":"(anonymous_6)","decl":{"start":{"line":97,"column":21},"end":{"line":97,"column":22}},"loc":{"start":{"line":97,"column":32},"end":{"line":119,"column":9}},"line":97},"7":{"name":"(anonymous_7)","decl":{"start":{"line":100,"column":22},"end":{"line":100,"column":23}},"loc":{"start":{"line":100,"column":41},"end":{"line":108,"column":17}},"line":100},"8":{"name":"(anonymous_8)","decl":{"start":{"line":109,"column":23},"end":{"line":109,"column":24}},"loc":{"start":{"line":109,"column":34},"end":{"line":117,"column":17}},"line":109},"9":{"name":"(anonymous_9)","decl":{"start":{"line":131,"column":19},"end":{"line":131,"column":20}},"loc":{"start":{"line":131,"column":35},"end":{"line":146,"column":5}},"line":131},"10":{"name":"(anonymous_10)","decl":{"start":{"line":134,"column":40},"end":{"line":134,"column":41}},"loc":{"start":{"line":134,"column":48},"end":{"line":136,"column":13}},"line":134}},"branchMap":{"0":{"loc":{"start":{"line":26,"column":32},"end":{"line":26,"column":72}},"type":"cond-expr","locations":[{"start":{"line":26,"column":53},"end":{"line":26,"column":54}},{"start":{"line":26,"column":57},"end":{"line":26,"column":72}}],"line":26},"1":{"loc":{"start":{"line":47,"column":4},"end":{"line":56,"column":5}},"type":"if","locations":[{"start":{"line":47,"column":4},"end":{"line":56,"column":5}},{"start":{"line":47,"column":4},"end":{"line":56,"column":5}}],"line":47},"2":{"loc":{"start":{"line":53,"column":8},"end":{"line":55,"column":9}},"type":"if","locations":[{"start":{"line":53,"column":8},"end":{"line":55,"column":9}},{"start":{"line":53,"column":8},"end":{"line":55,"column":9}}],"line":53}},"s":{"0":2,"1":2,"2":2,"3":2,"4":2,"5":2,"6":2,"7":2,"8":2,"9":34,"10":2,"11":32,"12":32,"13":32,"14":5,"15":25,"16":25,"17":27,"18":17,"19":32,"20":2,"21":6,"22":6,"23":6,"24":14,"25":14,"26":14,"27":14,"28":14,"29":14,"30":42,"31":42,"32":42,"33":42,"34":6,"35":2,"36":2,"37":2,"38":2,"39":2,"40":2,"41":12,"42":12,"43":0,"44":2,"45":2,"46":0,"47":0,"48":0,"49":0,"50":0,"51":0,"52":2},"f":{"0":34,"1":32,"2":25,"3":6,"4":14,"5":2,"6":12,"7":12,"8":0,"9":0,"10":0},"b":{"0":[28,6],"1":[5,27],"2":[17,10]},"_coverageSchema":"1a1c01bbd47fc00a2c39e90264f33305004495a9","hash":"3c83d41bd7507eb74c8b312748e8398b0ee32333"}
,"C:\\LABORATORIA\\md-link\\LIM013-fe-md-links\\mdlinks.js": {"path":"C:\\LABORATORIA\\md-link\\LIM013-fe-md-links\\mdlinks.js","statementMap":{"0":{"start":{"line":1,"column":39},"end":{"line":1,"column":55}},"1":{"start":{"line":3,"column":16},"end":{"line":13,"column":1}},"2":{"start":{"line":4,"column":4},"end":{"line":12,"column":6}},"3":{"start":{"line":5,"column":8},"end":{"line":11,"column":9}},"4":{"start":{"line":6,"column":12},"end":{"line":6,"column":41}},"5":{"start":{"line":7,"column":15},"end":{"line":11,"column":9}},"6":{"start":{"line":8,"column":12},"end":{"line":8,"column":41}},"7":{"start":{"line":10,"column":12},"end":{"line":10,"column":27}},"8":{"start":{"line":15,"column":0},"end":{"line":17,"column":2}}},"fnMap":{"0":{"name":"(anonymous_0)","decl":{"start":{"line":3,"column":16},"end":{"line":3,"column":17}},"loc":{"start":{"line":3,"column":35},"end":{"line":13,"column":1}},"line":3},"1":{"name":"(anonymous_1)","decl":{"start":{"line":4,"column":23},"end":{"line":4,"column":24}},"loc":{"start":{"line":4,"column":44},"end":{"line":12,"column":5}},"line":4}},"branchMap":{"0":{"loc":{"start":{"line":5,"column":8},"end":{"line":11,"column":9}},"type":"if","locations":[{"start":{"line":5,"column":8},"end":{"line":11,"column":9}},{"start":{"line":5,"column":8},"end":{"line":11,"column":9}}],"line":5},"1":{"loc":{"start":{"line":5,"column":12},"end":{"line":5,"column":70}},"type":"binary-expr","locations":[{"start":{"line":5,"column":12},"end":{"line":5,"column":37}},{"start":{"line":5,"column":41},"end":{"line":5,"column":70}}],"line":5},"2":{"loc":{"start":{"line":7,"column":15},"end":{"line":11,"column":9}},"type":"if","locations":[{"start":{"line":7,"column":15},"end":{"line":11,"column":9}},{"start":{"line":7,"column":15},"end":{"line":11,"column":9}}],"line":7}},"s":{"0":1,"1":1,"2":2,"3":2,"4":1,"5":1,"6":1,"7":0,"8":1},"f":{"0":2,"1":2},"b":{"0":[1,1],"1":[2,2],"2":[1,0]},"_coverageSchema":"1a1c01bbd47fc00a2c39e90264f33305004495a9","hash":"29dafff337c38fdab431d6794536f9ffe13c4ced"}
}
