TN:
SF:api.js
FN:26,isAbsolute
FN:44,(anonymous_1)
FN:48,(anonymous_2)
FN:62,(anonymous_3)
FN:66,(anonymous_4)
FN:93,(anonymous_5)
FN:97,(anonymous_6)
FN:100,(anonymous_7)
FN:109,(anonymous_8)
FN:131,(anonymous_9)
FN:134,(anonymous_10)
FNF:11
FNH:8
FNDA:34,isAbsolute
FNDA:32,(anonymous_1)
FNDA:25,(anonymous_2)
FNDA:6,(anonymous_3)
FNDA:14,(anonymous_4)
FNDA:2,(anonymous_5)
FNDA:12,(anonymous_6)
FNDA:12,(anonymous_7)
FNDA:0,(anonymous_8)
FNDA:0,(anonymous_9)
FNDA:0,(anonymous_10)
DA:1,2
DA:2,2
DA:8,2
DA:13,2
DA:16,2
DA:18,2
DA:19,2
DA:22,2
DA:23,2
DA:26,34
DA:44,2
DA:45,32
DA:46,32
DA:47,32
DA:48,5
DA:49,25
DA:50,25
DA:53,27
DA:54,17
DA:57,32
DA:62,2
DA:63,6
DA:65,6
DA:66,6
DA:68,14
DA:70,14
DA:71,14
DA:73,14
DA:74,14
DA:75,42
DA:76,42
DA:77,42
DA:78,42
DA:85,6
DA:87,2
DA:90,2
DA:93,2
DA:94,2
DA:95,2
DA:97,2
DA:99,12
DA:101,12
DA:110,0
DA:120,2
DA:131,2
DA:134,0
DA:135,0
DA:138,0
DA:141,0
DA:143,0
DA:145,0
DA:149,2
LF:52
LH:45
BRDA:26,0,0,28
BRDA:26,0,1,6
BRDA:47,1,0,5
BRDA:47,1,1,27
BRDA:53,2,0,17
BRDA:53,2,1,10
BRF:6
BRH:6
end_of_record
TN:
SF:mdlinks.js
FN:3,(anonymous_0)
FN:4,(anonymous_1)
FNF:2
FNH:2
FNDA:2,(anonymous_0)
FNDA:2,(anonymous_1)
DA:1,1
DA:3,1
DA:4,2
DA:5,2
DA:6,1
DA:7,1
DA:8,1
DA:10,0
DA:15,1
LF:9
LH:8
BRDA:5,0,0,1
BRDA:5,0,1,1
BRDA:5,1,0,2
BRDA:5,1,1,2
BRDA:7,2,0,1
BRDA:7,2,1,0
BRF:6
BRH:5
end_of_record
